<?xml version="1.0" encoding="UTF-8"?>
<testng-results skipped="0" failed="0" ignored="0" total="1" passed="1">
  <reporter-output>
  </reporter-output>
  <suite name="Default suite" duration-ms="26" started-at="2019-05-09T03:16:13Z" finished-at="2019-05-09T03:16:13Z">
    <groups>
    </groups>
    <test name="Default test" duration-ms="26" started-at="2019-05-09T03:16:13Z" finished-at="2019-05-09T03:16:13Z">
      <class name="ptwGitHub.MathCalculation">
        <test-method status="PASS" signature="Addition()[pri:0, instance:ptwGitHub.MathCalculation@32d992b2]" name="Addition" duration-ms="7" started-at="2019-05-09T03:16:13Z" finished-at="2019-05-09T03:16:13Z">
          <reporter-output>
          </reporter-output>
        </test-method> <!-- Addition -->
      </class> <!-- ptwGitHub.MathCalculation -->
    </test> <!-- Default test -->
  </suite> <!-- Default suite -->
</testng-results>
